2022-08-25 18:51:48,928 [INFO] Activator:177 - 


2022-08-25 18:51:48,928 [INFO] Activator:178 - !SESSION log4j initialized
2022-08-25 18:52:16,081 [ERROR] LogOutputStream:74 - [STDERR_REDIRECT] SLF4J: Failed to load class "org.slf4j.impl.StaticLoggerBinder".
2022-08-25 18:52:16,084 [ERROR] LogOutputStream:74 - [STDERR_REDIRECT] SLF4J: Defaulting to no-operation (NOP) logger implementation
2022-08-25 18:52:16,085 [ERROR] LogOutputStream:74 - [STDERR_REDIRECT] SLF4J: See http://www.slf4j.org/codes.html#StaticLoggerBinder for further details.
2022-08-25 19:11:52,061 [INFO] Activator:177 - 


2022-08-25 19:11:52,062 [INFO] Activator:178 - !SESSION log4j initialized
2022-08-25 19:12:12,965 [INFO] McuFinderGlobals:44 - Set McuFinder mode to 2 (CubeIDE integrated)
2022-08-25 19:12:13,249 [INFO] ApplicationProperties:181 - Using Application install path: C:\ST\STM32CubeIDE_1.10.1\STM32CubeIDE\plugins\com.st.stm32cube.common.mx_6.6.1.202207061420
2022-08-25 19:12:13,264 [INFO] DbMcusXml:77 - Set database path to: C:\ST\STM32CubeIDE_1.10.1\STM32CubeIDE\plugins\com.st.stm32cube.common.mx_6.6.1.202207061420\\db\/mcu/
2022-08-25 19:12:13,264 [INFO] ApiDb:269 - Set plugin database path to: C:\ST\STM32CubeIDE_1.10.1\STM32CubeIDE\plugins\com.st.stm32cube.common.mx_6.6.1.202207061420\\db\/plugins/boardmanager/
2022-08-25 19:12:13,266 [WARN] ApiDb:254 - Overriding images path with different value:  => C:\ST\STM32CubeIDE_1.10.1\STM32CubeIDE\plugins\com.st.stm32cube.common.mx_6.6.1.202207061420\\db\/plugins/mcufinder/images/
2022-08-25 19:12:14,383 [ERROR] ApiFinderProperties:228 - Failed to read file additional_hw_images/X-NUCLEO-S2915A1.jpg: C:\Users\TUF G\.stmcufinder\plugins\mcufinder\mcu\additional_hw_images\X-NUCLEO-S2915A1.jpg (Das System kann den angegebenen Pfad nicht finden)
2022-08-25 19:12:14,385 [ERROR] ApiFinderProperties:228 - Failed to read file additional_hw_images/X-NUCLEO-S2868A2.jpg: C:\Users\TUF G\.stmcufinder\plugins\mcufinder\mcu\additional_hw_images\X-NUCLEO-S2868A2.jpg (Das System kann den angegebenen Pfad nicht finden)
2022-08-25 19:12:14,388 [ERROR] ApiFinderProperties:228 - Failed to read file additional_hw_images/X-NUCLEO-S2868A1.jpg: C:\Users\TUF G\.stmcufinder\plugins\mcufinder\mcu\additional_hw_images\X-NUCLEO-S2868A1.jpg (Das System kann den angegebenen Pfad nicht finden)
2022-08-25 19:12:14,389 [ERROR] ApiFinderProperties:228 - Failed to read file additional_hw_images/X-NUCLEO-NFC07A1.jpg: C:\Users\TUF G\.stmcufinder\plugins\mcufinder\mcu\additional_hw_images\X-NUCLEO-NFC07A1.jpg (Das System kann den angegebenen Pfad nicht finden)
2022-08-25 19:12:14,395 [ERROR] ApiFinderProperties:228 - Failed to read file additional_hw_images/X-NUCLEO-NFC04A1.jpg: C:\Users\TUF G\.stmcufinder\plugins\mcufinder\mcu\additional_hw_images\X-NUCLEO-NFC04A1.jpg (Das System kann den angegebenen Pfad nicht finden)
2022-08-25 19:12:14,396 [ERROR] ApiFinderProperties:228 - Failed to read file additional_hw_images/X-NUCLEO-IKS02A1.jpg: C:\Users\TUF G\.stmcufinder\plugins\mcufinder\mcu\additional_hw_images\X-NUCLEO-IKS02A1.jpg (Das System kann den angegebenen Pfad nicht finden)
2022-08-25 19:12:14,400 [ERROR] ApiFinderProperties:228 - Failed to read file additional_hw_images/X-NUCLEO-IKS01A3.jpg: C:\Users\TUF G\.stmcufinder\plugins\mcufinder\mcu\additional_hw_images\X-NUCLEO-IKS01A3.jpg (Das System kann den angegebenen Pfad nicht finden)
2022-08-25 19:12:14,405 [ERROR] ApiFinderProperties:228 - Failed to read file additional_hw_images/X-NUCLEO-IKS01A2.jpg: C:\Users\TUF G\.stmcufinder\plugins\mcufinder\mcu\additional_hw_images\X-NUCLEO-IKS01A2.jpg (Das System kann den angegebenen Pfad nicht finden)
2022-08-25 19:12:14,410 [ERROR] ApiFinderProperties:228 - Failed to read file additional_hw_images/X-NUCLEO-IDB05A2.jpg: C:\Users\TUF G\.stmcufinder\plugins\mcufinder\mcu\additional_hw_images\X-NUCLEO-IDB05A2.jpg (Das System kann den angegebenen Pfad nicht finden)
2022-08-25 19:12:14,411 [ERROR] ApiFinderProperties:228 - Failed to read file additional_hw_images/X-NUCLEO-GNSS1A1.jpg: C:\Users\TUF G\.stmcufinder\plugins\mcufinder\mcu\additional_hw_images\X-NUCLEO-GNSS1A1.jpg (Das System kann den angegebenen Pfad nicht finden)
2022-08-25 19:12:14,413 [ERROR] ApiFinderProperties:228 - Failed to read file additional_hw_images/X-NUCLEO-EEPRMA2.jpg: C:\Users\TUF G\.stmcufinder\plugins\mcufinder\mcu\additional_hw_images\X-NUCLEO-EEPRMA2.jpg (Das System kann den angegebenen Pfad nicht finden)
2022-08-25 19:12:14,415 [ERROR] ApiFinderProperties:228 - Failed to read file additional_hw_images/X-NUCLEO-EEPRMA1.jpg: C:\Users\TUF G\.stmcufinder\plugins\mcufinder\mcu\additional_hw_images\X-NUCLEO-EEPRMA1.jpg (Das System kann den angegebenen Pfad nicht finden)
2022-08-25 19:12:14,416 [ERROR] ApiFinderProperties:228 - Failed to read file additional_hw_images/X-NUCLEO-BNRG2A1.jpg: C:\Users\TUF G\.stmcufinder\plugins\mcufinder\mcu\additional_hw_images\X-NUCLEO-BNRG2A1.jpg (Das System kann den angegebenen Pfad nicht finden)
2022-08-25 19:12:14,419 [ERROR] ApiFinderProperties:228 - Failed to read file additional_hw_images/X-NUCLEO-6283A1.jpg: C:\Users\TUF G\.stmcufinder\plugins\mcufinder\mcu\additional_hw_images\X-NUCLEO-6283A1.jpg (Das System kann den angegebenen Pfad nicht finden)
2022-08-25 19:12:14,421 [ERROR] ApiFinderProperties:228 - Failed to read file additional_hw_images/VD6283TX.jpg: C:\Users\TUF G\.stmcufinder\plugins\mcufinder\mcu\additional_hw_images\VD6283TX.jpg (Das System kann den angegebenen Pfad nicht finden)
2022-08-25 19:12:14,422 [ERROR] ApiFinderProperties:228 - Failed to read file additional_hw_images/Teseo-LIV3F.jpg: C:\Users\TUF G\.stmcufinder\plugins\mcufinder\mcu\additional_hw_images\Teseo-LIV3F.jpg (Das System kann den angegebenen Pfad nicht finden)
2022-08-25 19:12:14,423 [ERROR] ApiFinderProperties:228 - Failed to read file additional_hw_images/STTS751.jpg: C:\Users\TUF G\.stmcufinder\plugins\mcufinder\mcu\additional_hw_images\STTS751.jpg (Das System kann den angegebenen Pfad nicht finden)
2022-08-25 19:12:14,424 [ERROR] ApiFinderProperties:228 - Failed to read file additional_hw_images/STEVAL-MKI209V1K.jpg: C:\Users\TUF G\.stmcufinder\plugins\mcufinder\mcu\additional_hw_images\STEVAL-MKI209V1K.jpg (Das System kann den angegebenen Pfad nicht finden)
2022-08-25 19:12:14,426 [ERROR] ApiFinderProperties:228 - Failed to read file additional_hw_images/ST25DV64KC.jpg: C:\Users\TUF G\.stmcufinder\plugins\mcufinder\mcu\additional_hw_images\ST25DV64KC.jpg (Das System kann den angegebenen Pfad nicht finden)
2022-08-25 19:12:14,426 [ERROR] ApiFinderProperties:228 - Failed to read file additional_hw_images/ST25DV04K.jpg: C:\Users\TUF G\.stmcufinder\plugins\mcufinder\mcu\additional_hw_images\ST25DV04K.jpg (Das System kann den angegebenen Pfad nicht finden)
2022-08-25 19:12:14,427 [ERROR] ApiFinderProperties:228 - Failed to read file additional_hw_images/S2-LP.jpg: C:\Users\TUF G\.stmcufinder\plugins\mcufinder\mcu\additional_hw_images\S2-LP.jpg (Das System kann den angegebenen Pfad nicht finden)
2022-08-25 19:12:14,428 [ERROR] ApiFinderProperties:228 - Failed to read file additional_hw_images/M95M04-DR.jpg: C:\Users\TUF G\.stmcufinder\plugins\mcufinder\mcu\additional_hw_images\M95M04-DR.jpg (Das System kann den angegebenen Pfad nicht finden)
2022-08-25 19:12:14,428 [ERROR] ApiFinderProperties:228 - Failed to read file additional_hw_images/M95M01-DF.jpg: C:\Users\TUF G\.stmcufinder\plugins\mcufinder\mcu\additional_hw_images\M95M01-DF.jpg (Das System kann den angegebenen Pfad nicht finden)
2022-08-25 19:12:14,429 [ERROR] ApiFinderProperties:228 - Failed to read file additional_hw_images/M95256-DF.jpg: C:\Users\TUF G\.stmcufinder\plugins\mcufinder\mcu\additional_hw_images\M95256-DF.jpg (Das System kann den angegebenen Pfad nicht finden)
2022-08-25 19:12:14,429 [ERROR] ApiFinderProperties:228 - Failed to read file additional_hw_images/M95040-R.jpg: C:\Users\TUF G\.stmcufinder\plugins\mcufinder\mcu\additional_hw_images\M95040-R.jpg (Das System kann den angegebenen Pfad nicht finden)
2022-08-25 19:12:14,429 [ERROR] ApiFinderProperties:228 - Failed to read file additional_hw_images/M24M01-DF.jpg: C:\Users\TUF G\.stmcufinder\plugins\mcufinder\mcu\additional_hw_images\M24M01-DF.jpg (Das System kann den angegebenen Pfad nicht finden)
2022-08-25 19:12:14,430 [ERROR] ApiFinderProperties:228 - Failed to read file additional_hw_images/M24C02-F.jpg: C:\Users\TUF G\.stmcufinder\plugins\mcufinder\mcu\additional_hw_images\M24C02-F.jpg (Das System kann den angegebenen Pfad nicht finden)
2022-08-25 19:12:14,430 [ERROR] ApiFinderProperties:228 - Failed to read file additional_hw_images/M24256-DF.jpg: C:\Users\TUF G\.stmcufinder\plugins\mcufinder\mcu\additional_hw_images\M24256-DF.jpg (Das System kann den angegebenen Pfad nicht finden)
2022-08-25 19:12:14,430 [ERROR] ApiFinderProperties:228 - Failed to read file additional_hw_images/LSM6DSO.jpg: C:\Users\TUF G\.stmcufinder\plugins\mcufinder\mcu\additional_hw_images\LSM6DSO.jpg (Das System kann den angegebenen Pfad nicht finden)
2022-08-25 19:12:14,431 [ERROR] ApiFinderProperties:228 - Failed to read file additional_hw_images/LSM6DSL.jpg: C:\Users\TUF G\.stmcufinder\plugins\mcufinder\mcu\additional_hw_images\LSM6DSL.jpg (Das System kann den angegebenen Pfad nicht finden)
2022-08-25 19:12:14,433 [ERROR] ApiFinderProperties:228 - Failed to read file additional_hw_images/LSM303AGR.jpg: C:\Users\TUF G\.stmcufinder\plugins\mcufinder\mcu\additional_hw_images\LSM303AGR.jpg (Das System kann den angegebenen Pfad nicht finden)
2022-08-25 19:12:14,433 [ERROR] ApiFinderProperties:228 - Failed to read file additional_hw_images/LPS22HH.jpg: C:\Users\TUF G\.stmcufinder\plugins\mcufinder\mcu\additional_hw_images\LPS22HH.jpg (Das System kann den angegebenen Pfad nicht finden)
2022-08-25 19:12:14,434 [ERROR] ApiFinderProperties:228 - Failed to read file additional_hw_images/LPS22HB.jpg: C:\Users\TUF G\.stmcufinder\plugins\mcufinder\mcu\additional_hw_images\LPS22HB.jpg (Das System kann den angegebenen Pfad nicht finden)
2022-08-25 19:12:14,435 [ERROR] ApiFinderProperties:228 - Failed to read file additional_hw_images/LIS2MDL.jpg: C:\Users\TUF G\.stmcufinder\plugins\mcufinder\mcu\additional_hw_images\LIS2MDL.jpg (Das System kann den angegebenen Pfad nicht finden)
2022-08-25 19:12:14,436 [ERROR] ApiFinderProperties:228 - Failed to read file additional_hw_images/LIS2DW12.jpg: C:\Users\TUF G\.stmcufinder\plugins\mcufinder\mcu\additional_hw_images\LIS2DW12.jpg (Das System kann den angegebenen Pfad nicht finden)
2022-08-25 19:12:14,437 [ERROR] ApiFinderProperties:228 - Failed to read file additional_hw_images/ISM330DHCX.jpg: C:\Users\TUF G\.stmcufinder\plugins\mcufinder\mcu\additional_hw_images\ISM330DHCX.jpg (Das System kann den angegebenen Pfad nicht finden)
2022-08-25 19:12:14,438 [ERROR] ApiFinderProperties:228 - Failed to read file additional_hw_images/IMP34DT05.jpg: C:\Users\TUF G\.stmcufinder\plugins\mcufinder\mcu\additional_hw_images\IMP34DT05.jpg (Das System kann den angegebenen Pfad nicht finden)
2022-08-25 19:12:14,440 [ERROR] ApiFinderProperties:228 - Failed to read file additional_hw_images/IIS2MDC.jpg: C:\Users\TUF G\.stmcufinder\plugins\mcufinder\mcu\additional_hw_images\IIS2MDC.jpg (Das System kann den angegebenen Pfad nicht finden)
2022-08-25 19:12:14,447 [ERROR] ApiFinderProperties:228 - Failed to read file additional_hw_images/IIS2ICLX.jpg: C:\Users\TUF G\.stmcufinder\plugins\mcufinder\mcu\additional_hw_images\IIS2ICLX.jpg (Das System kann den angegebenen Pfad nicht finden)
2022-08-25 19:12:14,448 [ERROR] ApiFinderProperties:228 - Failed to read file additional_hw_images/IIS2DLPC.jpg: C:\Users\TUF G\.stmcufinder\plugins\mcufinder\mcu\additional_hw_images\IIS2DLPC.jpg (Das System kann den angegebenen Pfad nicht finden)
2022-08-25 19:12:14,449 [ERROR] ApiFinderProperties:228 - Failed to read file additional_hw_images/HTS221.jpg: C:\Users\TUF G\.stmcufinder\plugins\mcufinder\mcu\additional_hw_images\HTS221.jpg (Das System kann den angegebenen Pfad nicht finden)
2022-08-25 19:12:14,450 [ERROR] ApiFinderProperties:228 - Failed to read file additional_hw_images/BlueNRG-M2SP.jpg: C:\Users\TUF G\.stmcufinder\plugins\mcufinder\mcu\additional_hw_images\BlueNRG-M2SP.jpg (Das System kann den angegebenen Pfad nicht finden)
2022-08-25 19:12:14,451 [ERROR] ApiFinderProperties:228 - Failed to read file additional_hw_images/BlueNRG-M0.jpg: C:\Users\TUF G\.stmcufinder\plugins\mcufinder\mcu\additional_hw_images\BlueNRG-M0.jpg (Das System kann den angegebenen Pfad nicht finden)
2022-08-25 19:12:14,495 [WARN] ApiFinderProperties:110 - C:\Users\TUF G\.stmcufinder\plugins\mcufinder\mcu\mcuFinder.mfd doesn't exist
2022-08-25 19:12:14,496 [INFO] ApiDb:249 - Set database path to: C:\Users\TUF G\.stmcufinder\plugins\mcufinder//mcu/
2022-08-25 19:12:14,497 [INFO] DbMcusAds:124 - Set database path to: C:\Users\TUF G\.stmcufinder\plugins\mcufinder//mcu/
2022-08-25 19:12:14,507 [INFO] CrossReferenceDbSqlite:201 - Set database path to: C:\Users\TUF G\.stmcufinder\plugins\mcufinder//mcu/cs/
2022-08-25 19:12:14,596 [INFO] RulesReader:61 - Compatibility file has been processed (282 Rules)
2022-08-25 19:12:14,674 [INFO] DbMcusXml:77 - Set database path to: C:\ST\STM32CubeIDE_1.10.1\STM32CubeIDE\plugins\com.st.stm32cube.common.mx_6.6.1.202207061420\\db\/mcu/
2022-08-25 19:12:14,674 [INFO] ApiDb:269 - Set plugin database path to: C:\ST\STM32CubeIDE_1.10.1\STM32CubeIDE\plugins\com.st.stm32cube.common.mx_6.6.1.202207061420\\db\/plugins/boardmanager/
2022-08-25 19:12:14,674 [INFO] ApiDb:256 - Set plugin images path to: C:\ST\STM32CubeIDE_1.10.1\STM32CubeIDE\plugins\com.st.stm32cube.common.mx_6.6.1.202207061420\\db\/plugins/mcufinder/images/
2022-08-25 19:12:14,674 [WARN] DbFile:40 - Overriding database path with different value: C:\Users\TUF G\.stmcufinder\plugins\mcufinder/ => C:\Users\TUF G\.stmcufinder\plugins\mcufinder
2022-08-25 19:12:14,675 [INFO] ApiDb:249 - Set database path to: C:\Users\TUF G\.stmcufinder\plugins\mcufinder//mcu/
2022-08-25 19:12:14,675 [WARN] DbFile:40 - Overriding database path with different value: C:\Users\TUF G\.stmcufinder\plugins\mcufinder/ => C:\Users\TUF G\.stmcufinder\plugins\mcufinder
2022-08-25 19:12:14,675 [INFO] DbMcusAds:124 - Set database path to: C:\Users\TUF G\.stmcufinder\plugins\mcufinder//mcu/
2022-08-25 19:12:14,675 [WARN] DbFile:40 - Overriding database path with different value: C:\Users\TUF G\.stmcufinder\plugins\mcufinder/ => C:\Users\TUF G\.stmcufinder\plugins\mcufinder
2022-08-25 19:12:14,675 [WARN] DbFile:40 - Overriding database path with different value: C:\Users\TUF G\.stmcufinder\plugins\mcufinder/ => C:\Users\TUF G\.stmcufinder\plugins\mcufinder
2022-08-25 19:12:14,675 [INFO] CrossReferenceDbSqlite:201 - Set database path to: C:\Users\TUF G\.stmcufinder\plugins\mcufinder//mcu/cs/
2022-08-25 19:12:14,742 [INFO] MainPanel:242 - HeapMemory: 268435456
2022-08-25 19:12:14,822 [INFO] DbMcusXml:77 - Set database path to: C:\ST\STM32CubeIDE_1.10.1\STM32CubeIDE\plugins\com.st.stm32cube.common.mx_6.6.1.202207061420\\db\/mcu/
2022-08-25 19:12:14,822 [INFO] ApiDb:269 - Set plugin database path to: C:\ST\STM32CubeIDE_1.10.1\STM32CubeIDE\plugins\com.st.stm32cube.common.mx_6.6.1.202207061420\\db\/plugins/boardmanager/
2022-08-25 19:12:14,822 [INFO] ApiDb:256 - Set plugin images path to: C:\ST\STM32CubeIDE_1.10.1\STM32CubeIDE\plugins\com.st.stm32cube.common.mx_6.6.1.202207061420\\db\/plugins/mcufinder/images/
2022-08-25 19:12:14,823 [WARN] DbFile:40 - Overriding database path with different value: C:\Users\TUF G\.stmcufinder\plugins\mcufinder/ => C:\Users\TUF G\.stmcufinder\plugins\mcufinder
2022-08-25 19:12:14,823 [INFO] ApiDb:249 - Set database path to: C:\Users\TUF G\.stmcufinder\plugins\mcufinder//mcu/
2022-08-25 19:12:14,823 [WARN] DbFile:40 - Overriding database path with different value: C:\Users\TUF G\.stmcufinder\plugins\mcufinder/ => C:\Users\TUF G\.stmcufinder\plugins\mcufinder
2022-08-25 19:12:14,823 [INFO] DbMcusAds:124 - Set database path to: C:\Users\TUF G\.stmcufinder\plugins\mcufinder//mcu/
2022-08-25 19:12:14,823 [WARN] DbFile:40 - Overriding database path with different value: C:\Users\TUF G\.stmcufinder\plugins\mcufinder/ => C:\Users\TUF G\.stmcufinder\plugins\mcufinder
2022-08-25 19:12:14,823 [WARN] DbFile:40 - Overriding database path with different value: C:\Users\TUF G\.stmcufinder\plugins\mcufinder/ => C:\Users\TUF G\.stmcufinder\plugins\mcufinder
2022-08-25 19:12:14,823 [INFO] CrossReferenceDbSqlite:201 - Set database path to: C:\Users\TUF G\.stmcufinder\plugins\mcufinder//mcu/cs/
2022-08-25 19:12:14,840 [INFO] ApplicationProperties:181 - Using Application install path: C:\ST\STM32CubeIDE_1.10.1\STM32CubeIDE\plugins\com.st.stm32cube.common.mx_6.6.1.202207061420
2022-08-25 19:12:14,841 [INFO] PluginManage:193 - Search for loadable plugins [exclusion list=, ]
2022-08-25 19:12:14,842 [INFO] PluginManage:307 - Check plugin analytics
2022-08-25 19:12:19,498 [INFO] AnalyticsPlugin:262 - Accepted Software Licenses: 
2022-08-25 19:12:19,499 [INFO] AnalyticsPlugin:264 - Accepted CMSIS Pack Licenses: 
2022-08-25 19:12:19,499 [INFO] AnalyticsPlugin:266 - Accepted Firmware Licenses: 
2022-08-25 19:12:19,505 [INFO] PluginManage:356 - Loaded plugin analytics (category:tool,tabindex:-1)
2022-08-25 19:12:19,506 [INFO] PluginManage:307 - Check plugin cadmodel
2022-08-25 19:12:19,510 [INFO] CADModel:65 - Init CAD model plugin
2022-08-25 19:12:19,510 [INFO] PluginManage:356 - Loaded plugin cadmodel (category:power,tabindex:5)
2022-08-25 19:12:19,510 [INFO] PluginManage:307 - Check plugin clock
2022-08-25 19:12:19,519 [INFO] PluginManage:356 - Loaded plugin clock (category:base,tabindex:2)
2022-08-25 19:12:19,519 [INFO] PluginManage:307 - Check plugin ddr
2022-08-25 19:12:19,521 [INFO] PluginManage:356 - Loaded plugin ddr (category:tool,tabindex:6)
2022-08-25 19:12:19,521 [INFO] PluginManage:307 - Check plugin filemanager
2022-08-25 19:12:19,652 [INFO] PluginManage:356 - Loaded plugin filemanager (category:base,tabindex:10)
2022-08-25 19:12:19,653 [INFO] PluginManage:307 - Check plugin ipmanager
2022-08-25 19:12:19,661 [INFO] PluginManage:356 - Loaded plugin ipmanager (category:base,tabindex:5)
2022-08-25 19:12:19,662 [INFO] PluginManage:307 - Check plugin lpbam
2022-08-25 19:12:19,677 [INFO] PluginManage:356 - Loaded plugin lpbam (category:base,tabindex:0)
2022-08-25 19:12:19,677 [INFO] PluginManage:307 - Check plugin pinoutandconfiguration
2022-08-25 19:12:19,686 [INFO] PluginManage:356 - Loaded plugin pinoutandconfiguration (category:base,tabindex:1)
2022-08-25 19:12:19,686 [INFO] PluginManage:307 - Check plugin pinoutconfig
2022-08-25 19:12:19,716 [INFO] PluginManage:356 - Loaded plugin pinoutconfig (category:base,tabindex:0)
2022-08-25 19:12:19,716 [INFO] PluginManage:307 - Check plugin power
2022-08-25 19:12:19,729 [INFO] PluginManage:356 - Loaded plugin power (category:power,tabindex:4)
2022-08-25 19:12:19,729 [INFO] PluginManage:307 - Check plugin projectmanager
2022-08-25 19:12:19,744 [INFO] PluginManage:356 - Loaded plugin projectmanager (category:projectmanager,tabindex:3)
2022-08-25 19:12:19,744 [INFO] PluginManage:307 - Check plugin thirdparty
2022-08-25 19:12:19,872 [WARN] IntegrityCheckThread:82 - waiting for thirdparty lock release [integrity check]
2022-08-25 19:12:19,872 [INFO] PluginManage:356 - Loaded plugin thirdparty (category:base,tabindex:-1)
2022-08-25 19:12:19,872 [INFO] IntegrityCheckThread:84 - entering critical section [integrity check]
2022-08-25 19:12:19,873 [INFO] PluginManage:307 - Check plugin tools
2022-08-25 19:12:19,875 [INFO] ThirdPartyUpdaterWithRetryManager:70 - Updater plugin not ready yet. [1/15]
2022-08-25 19:12:19,876 [INFO] PluginManage:356 - Loaded plugin tools (category:base,tabindex:7)
2022-08-25 19:12:19,876 [INFO] PluginManage:307 - Check plugin tutovideos
2022-08-25 19:12:20,031 [ERROR] LogOutputStream:74 - [STDERR_REDIRECT] SLF4J: Failed to load class "org.slf4j.impl.StaticLoggerBinder".
2022-08-25 19:12:20,032 [ERROR] LogOutputStream:74 - [STDERR_REDIRECT] SLF4J: Defaulting to no-operation (NOP) logger implementation
2022-08-25 19:12:20,033 [ERROR] LogOutputStream:74 - [STDERR_REDIRECT] SLF4J: See http://www.slf4j.org/codes.html#StaticLoggerBinder for further details.
2022-08-25 19:12:20,085 [INFO] PluginManage:356 - Loaded plugin tutovideos (category:base,tabindex:-1)
2022-08-25 19:12:20,085 [INFO] PluginManage:307 - Check plugin updater
2022-08-25 19:12:20,099 [INFO] PluginManage:356 - Loaded plugin updater (category:base,tabindex:12)
2022-08-25 19:12:20,099 [INFO] PluginManage:280 - PluginManage : Loaded plugins [15]
2022-08-25 19:12:20,308 [INFO] PinOutPanel:1468 - setPackage(No Configuration,No Configuration)
2022-08-25 19:12:20,363 [INFO] CADModel:98 - CPN selected for project level
2022-08-25 19:12:20,379 [INFO] IPUIPlugin:79 - create IPUIPlugin
2022-08-25 19:12:20,380 [INFO] PluginManager:217 - loadIPPluginJar : add adc
2022-08-25 19:12:20,383 [INFO] IPUIPlugin:79 - create IPUIPlugin
2022-08-25 19:12:20,383 [INFO] PluginManager:217 - loadIPPluginJar : add aes
2022-08-25 19:12:20,386 [INFO] IPUIPlugin:79 - create IPUIPlugin
2022-08-25 19:12:20,387 [INFO] PluginManager:217 - loadIPPluginJar : add can
2022-08-25 19:12:20,389 [INFO] IPUIPlugin:79 - create IPUIPlugin
2022-08-25 19:12:20,389 [INFO] PluginManager:217 - loadIPPluginJar : add comp
2022-08-25 19:12:20,392 [INFO] IPUIPlugin:79 - create IPUIPlugin
2022-08-25 19:12:20,393 [INFO] PluginManager:217 - loadIPPluginJar : add cryp
2022-08-25 19:12:20,395 [INFO] IPUIPlugin:79 - create IPUIPlugin
2022-08-25 19:12:20,396 [INFO] PluginManager:217 - loadIPPluginJar : add dfsdm
2022-08-25 19:12:20,402 [INFO] IPUIPlugin:79 - create IPUIPlugin
2022-08-25 19:12:20,403 [INFO] PluginManager:217 - loadIPPluginJar : add dma
2022-08-25 19:12:20,407 [INFO] IPUIPlugin:79 - create IPUIPlugin
2022-08-25 19:12:20,408 [INFO] PluginManager:217 - loadIPPluginJar : add dma3
2022-08-25 19:12:20,410 [INFO] IPUIPlugin:79 - create IPUIPlugin
2022-08-25 19:12:20,410 [INFO] PluginManager:217 - loadIPPluginJar : add fatfs
2022-08-25 19:12:20,415 [INFO] IPUIPlugin:79 - create IPUIPlugin
2022-08-25 19:12:20,415 [INFO] PluginManager:217 - loadIPPluginJar : add fmc
2022-08-25 19:12:20,423 [INFO] IPUIPlugin:79 - create IPUIPlugin
2022-08-25 19:12:20,423 [INFO] PluginManager:217 - loadIPPluginJar : add freertos
2022-08-25 19:12:20,425 [INFO] IPUIPlugin:79 - create IPUIPlugin
2022-08-25 19:12:20,425 [INFO] PluginManager:217 - loadIPPluginJar : add genericplugin
2022-08-25 19:12:20,427 [INFO] IPUIPlugin:79 - create IPUIPlugin
2022-08-25 19:12:20,428 [INFO] PluginManager:217 - loadIPPluginJar : add gfxmmu
2022-08-25 19:12:20,432 [INFO] IPUIPlugin:79 - create IPUIPlugin
2022-08-25 19:12:20,432 [INFO] PluginManager:217 - loadIPPluginJar : add gic
2022-08-25 19:12:20,436 [INFO] IPUIPlugin:79 - create IPUIPlugin
2022-08-25 19:12:20,436 [INFO] PluginManager:217 - loadIPPluginJar : add gpio
2022-08-25 19:12:20,439 [INFO] IPUIPlugin:79 - create IPUIPlugin
2022-08-25 19:12:20,439 [INFO] PluginManager:217 - loadIPPluginJar : add gtzc
2022-08-25 19:12:20,442 [INFO] IPUIPlugin:79 - create IPUIPlugin
2022-08-25 19:12:20,442 [INFO] PluginManager:217 - loadIPPluginJar : add hash
2022-08-25 19:12:20,444 [INFO] IPUIPlugin:79 - create IPUIPlugin
2022-08-25 19:12:20,445 [INFO] PluginManager:217 - loadIPPluginJar : add i2c
2022-08-25 19:12:20,447 [INFO] IPUIPlugin:79 - create IPUIPlugin
2022-08-25 19:12:20,447 [INFO] PluginManager:217 - loadIPPluginJar : add i2s
2022-08-25 19:12:20,450 [INFO] IPUIPlugin:79 - create IPUIPlugin
2022-08-25 19:12:20,450 [INFO] PluginManager:217 - loadIPPluginJar : add ipddr
2022-08-25 19:12:20,456 [INFO] IPUIPlugin:79 - create IPUIPlugin
2022-08-25 19:12:20,457 [INFO] PluginManager:217 - loadIPPluginJar : add linkedlist
2022-08-25 19:12:20,460 [INFO] IPUIPlugin:79 - create IPUIPlugin
2022-08-25 19:12:20,460 [INFO] PluginManager:217 - loadIPPluginJar : add lorawan
2022-08-25 19:12:20,462 [INFO] IPUIPlugin:79 - create IPUIPlugin
2022-08-25 19:12:20,462 [INFO] PluginManager:217 - loadIPPluginJar : add ltdc
2022-08-25 19:12:20,467 [INFO] IPUIPlugin:79 - create IPUIPlugin
2022-08-25 19:12:20,467 [INFO] PluginManager:217 - loadIPPluginJar : add mdma
2022-08-25 19:12:20,470 [INFO] IPUIPlugin:79 - create IPUIPlugin
2022-08-25 19:12:20,470 [INFO] PluginManager:217 - loadIPPluginJar : add nvic
2022-08-25 19:12:20,472 [INFO] IPUIPlugin:79 - create IPUIPlugin
2022-08-25 19:12:20,472 [INFO] PluginManager:217 - loadIPPluginJar : add opamp
2022-08-25 19:12:20,475 [INFO] IPUIPlugin:79 - create IPUIPlugin
2022-08-25 19:12:20,475 [INFO] PluginManager:217 - loadIPPluginJar : add openamp
2022-08-25 19:12:20,477 [INFO] IPUIPlugin:79 - create IPUIPlugin
2022-08-25 19:12:20,477 [INFO] PluginManager:217 - loadIPPluginJar : add pdm2pcm
2022-08-25 19:12:20,482 [INFO] IPUIPlugin:79 - create IPUIPlugin
2022-08-25 19:12:20,484 [INFO] PluginManager:217 - loadIPPluginJar : add plateformsettings
2022-08-25 19:12:20,486 [INFO] IPUIPlugin:79 - create IPUIPlugin
2022-08-25 19:12:20,486 [INFO] PluginManager:217 - loadIPPluginJar : add quadspi
2022-08-25 19:12:20,490 [INFO] IPUIPlugin:79 - create IPUIPlugin
2022-08-25 19:12:20,490 [INFO] PluginManager:217 - loadIPPluginJar : add resmgrutility
2022-08-25 19:12:20,493 [INFO] IPUIPlugin:79 - create IPUIPlugin
2022-08-25 19:12:20,493 [INFO] PluginManager:217 - loadIPPluginJar : add sai
2022-08-25 19:12:20,495 [INFO] IPUIPlugin:79 - create IPUIPlugin
2022-08-25 19:12:20,495 [INFO] PluginManager:217 - loadIPPluginJar : add spi
2022-08-25 19:12:20,499 [INFO] IPUIPlugin:79 - create IPUIPlugin
2022-08-25 19:12:20,499 [INFO] PluginManager:217 - loadIPPluginJar : add stm32_wpan
2022-08-25 19:12:20,501 [INFO] IPUIPlugin:79 - create IPUIPlugin
2022-08-25 19:12:20,501 [INFO] PluginManager:217 - loadIPPluginJar : add tim
2022-08-25 19:12:20,503 [INFO] IPUIPlugin:79 - create IPUIPlugin
2022-08-25 19:12:20,503 [INFO] PluginManager:217 - loadIPPluginJar : add touchsensing
2022-08-25 19:12:20,505 [INFO] IPUIPlugin:79 - create IPUIPlugin
2022-08-25 19:12:20,505 [INFO] PluginManager:217 - loadIPPluginJar : add tracer_emb
2022-08-25 19:12:20,506 [INFO] IPUIPlugin:79 - create IPUIPlugin
2022-08-25 19:12:20,506 [INFO] PluginManager:217 - loadIPPluginJar : add ts
2022-08-25 19:12:20,508 [INFO] IPUIPlugin:79 - create IPUIPlugin
2022-08-25 19:12:20,508 [INFO] PluginManager:217 - loadIPPluginJar : add tsc
2022-08-25 19:12:20,510 [INFO] IPUIPlugin:79 - create IPUIPlugin
2022-08-25 19:12:20,510 [INFO] PluginManager:217 - loadIPPluginJar : add ucpd
2022-08-25 19:12:20,512 [INFO] IPUIPlugin:79 - create IPUIPlugin
2022-08-25 19:12:20,512 [INFO] PluginManager:217 - loadIPPluginJar : add usart
2022-08-25 19:12:20,515 [INFO] IPUIPlugin:79 - create IPUIPlugin
2022-08-25 19:12:20,515 [INFO] PluginManager:217 - loadIPPluginJar : add usbx
2022-08-25 19:12:20,758 [FATAL] Updater:301 - Updater called before beeing initialized
2022-08-25 19:12:20,861 [FATAL] Updater:301 - Updater called before beeing initialized
2022-08-25 19:12:20,870 [INFO] DbMcusAds:52 - JSON generation date=Thu Sep 30 08:55:09 CEST 2021 (1632984909247)
2022-08-25 19:12:20,870 [FATAL] Updater:301 - Updater called before beeing initialized
2022-08-25 19:12:20,938 [WARN] DetailPanel:344 - Failed to get advertising image, set to default
2022-08-25 19:12:21,113 [FATAL] Updater:301 - Updater called before beeing initialized
2022-08-25 19:12:21,115 [FATAL] Updater:301 - Updater called before beeing initialized
2022-08-25 19:12:21,116 [FATAL] Updater:301 - Updater called before beeing initialized
2022-08-25 19:12:21,116 [WARN] DetailPanel:344 - Failed to get advertising image, set to default
2022-08-25 19:12:21,117 [FATAL] Updater:301 - Updater called before beeing initialized
2022-08-25 19:12:21,169 [ERROR] Updater:1105 - MainUpdater not yet initialized. External WinMGr cannot be set.
2022-08-25 19:12:21,171 [INFO] Updater:1041 - Updater Version found : 6.6.1
2022-08-25 19:12:21,191 [INFO] ApplicationProperties:181 - Using Application install path: C:\ST\STM32CubeIDE_1.10.1\STM32CubeIDE\plugins\com.st.stm32cube.common.mx_6.6.1.202207061420
2022-08-25 19:12:21,219 [INFO] MainUpdater:516 - Copy updater definitions from MX database
2022-08-25 19:12:21,240 [INFO] MainUpdater:549 - Copy flag file definitions from MX database
2022-08-25 19:12:21,241 [INFO] MainUpdater:565 - Copy thirdparty index definitions from MX database
2022-08-25 19:12:21,243 [INFO] MainUpdater:584 - Copy default thirdparty db definitions from MX database
2022-08-25 19:12:21,389 [INFO] MainUpdater:2768 - connection check result : 10
2022-08-25 19:12:21,389 [INFO] MainUpdater:3453 - Updater definition file requires update
2022-08-25 19:12:21,390 [INFO] MainUpdater:280 - Updater Check For Update Now.
2022-08-25 19:12:21,391 [INFO] MicroXplorer:481 - Change Database Version : DB.6.0.60
2022-08-25 19:12:21,430 [INFO] ServerAccessManage:474 - Download File updaters.zip
2022-08-25 19:12:21,477 [INFO] FileExtend:239 - Unzip File : updaters.zip
2022-08-25 19:12:21,477 [INFO] FileExtend:254 - Standard Zip Deflate
2022-08-25 19:12:21,693 [INFO] ServerAccessManage:474 - Download File PacksControlFlags.xml
2022-08-25 19:12:21,737 [INFO] ServerAccessManage:474 - Download File cubemx.pidx
2022-08-25 19:12:21,826 [INFO] ServerAccessManage:474 - Download File STMicroelectronics.FP-ATR-ASTRA1.pdsc
2022-08-25 19:12:21,867 [INFO] ServerAccessManage:474 - Download File STMicroelectronics.X-CUBE-AI.pdsc
2022-08-25 19:12:22,047 [INFO] ServerAccessManage:474 - Download File STMicroelectronics.X-CUBE-ALS.pdsc
2022-08-25 19:12:22,105 [INFO] ServerAccessManage:474 - Download File STMicroelectronics.X-CUBE-BLE1.pdsc
2022-08-25 19:12:22,393 [ERROR] ServerAccessManage:1090 - Problem, file not found on Server
2022-08-25 19:12:22,410 [INFO] ServerAccessManage:474 - Download File STMicroelectronics.X-CUBE-BLE2.pdsc
2022-08-25 19:12:22,583 [INFO] ServerAccessManage:474 - Download File STMicroelectronics.X-CUBE-BLEMGR.pdsc
2022-08-25 19:12:22,625 [INFO] ServerAccessManage:474 - Download File STMicroelectronics.X-CUBE-DISPLAY.pdsc
2022-08-25 19:12:22,734 [INFO] ServerAccessManage:474 - Download File STMicroelectronics.X-CUBE-EEPRMA1.pdsc
2022-08-25 19:12:22,809 [INFO] ServerAccessManage:474 - Download File STMicroelectronics.X-CUBE-GNSS1.pdsc
2022-08-25 19:12:22,881 [WARN] MainUpdater:1184 - Updater busy. Cannot search thirdparties
2022-08-25 19:12:22,881 [INFO] ThirdPartyUpdaterWithRetryManager:96 - Updater plugin is busy. [1/15]
2022-08-25 19:12:23,054 [ERROR] ServerAccessManage:1090 - Problem, file not found on Server
2022-08-25 19:12:23,148 [ERROR] ServerAccessManage:1090 - Problem, file not found on Server
2022-08-25 19:12:23,235 [ERROR] ServerAccessManage:1090 - Problem, file not found on Server
2022-08-25 19:12:23,308 [ERROR] ServerAccessManage:1090 - Problem, file not found on Server
2022-08-25 19:12:23,392 [ERROR] ServerAccessManage:1090 - Problem, file not found on Server
2022-08-25 19:12:23,470 [ERROR] ServerAccessManage:1090 - Problem, file not found on Server
2022-08-25 19:12:23,489 [INFO] ServerAccessManage:474 - Download File STMicroelectronics.X-CUBE-ISPU.pdsc
2022-08-25 19:12:23,529 [INFO] ServerAccessManage:474 - Download File STMicroelectronics.X-CUBE-MEMS1.pdsc
2022-08-25 19:12:23,949 [INFO] ServerAccessManage:474 - Download File STMicroelectronics.X-CUBE-NFC4.pdsc
2022-08-25 19:12:24,170 [INFO] ServerAccessManage:474 - Download File STMicroelectronics.X-CUBE-NFC7.pdsc
2022-08-25 19:12:24,208 [INFO] ServerAccessManage:474 - Download File STMicroelectronics.X-CUBE-SFXS2LP1.pdsc
2022-08-25 19:12:24,297 [INFO] ServerAccessManage:474 - Download File STMicroelectronics.X-CUBE-SUBG2.pdsc
2022-08-25 19:12:24,468 [INFO] ServerAccessManage:474 - Download File STMicroelectronics.X-CUBE-TOF1.pdsc
2022-08-25 19:12:24,624 [ERROR] ServerAccessManage:1090 - Problem, file not found on Server
2022-08-25 19:12:24,655 [INFO] ServerAccessManage:474 - Download File STMicroelectronics.X-CUBE-TOUCHGFX.pdsc
2022-08-25 19:12:24,852 [INFO] ServerAccessManage:474 - Download File STMicroelectronics.X-CUBE-ALGOBUILD.pdsc
2022-08-25 19:12:24,960 [INFO] ServerAccessManage:474 - Download File STMicroelectronics.X-CUBE-AZRTOS-H7.pdsc
2022-08-25 19:12:25,092 [INFO] ServerAccessManage:474 - Download File STMicroelectronics.X-CUBE-AZRTOS-F4.pdsc
2022-08-25 19:12:25,190 [INFO] ServerAccessManage:474 - Download File STMicroelectronics.X-CUBE-AZRTOS-F7.pdsc
2022-08-25 19:12:25,291 [INFO] ServerAccessManage:474 - Download File STMicroelectronics.X-CUBE-AZRTOS-L4.pdsc
2022-08-25 19:12:25,377 [INFO] ServerAccessManage:474 - Download File STMicroelectronics.X-CUBE-AZRTOS-L5.pdsc
2022-08-25 19:12:25,463 [INFO] ServerAccessManage:474 - Download File STMicroelectronics.X-CUBE-AZRTOS-G0.pdsc
2022-08-25 19:12:25,568 [INFO] ServerAccessManage:474 - Download File STMicroelectronics.X-CUBE-AZRTOS-G4.pdsc
2022-08-25 19:12:25,649 [INFO] ServerAccessManage:474 - Download File STMicroelectronics.X-CUBE-AZRTOS-WL.pdsc
2022-08-25 19:12:25,896 [WARN] MainUpdater:1184 - Updater busy. Cannot search thirdparties
2022-08-25 19:12:25,896 [INFO] ThirdPartyUpdaterWithRetryManager:96 - Updater plugin is busy. [2/15]
2022-08-25 19:12:26,412 [INFO] ServerAccessManage:474 - Download File wolfSSL.I-CUBE-wolfSSL.pdsc
2022-08-25 19:12:28,734 [ERROR] ServerAccessManage:1090 - Problem, file not found on Server
2022-08-25 19:12:28,897 [WARN] MainUpdater:1184 - Updater busy. Cannot search thirdparties
2022-08-25 19:12:28,897 [INFO] ThirdPartyUpdaterWithRetryManager:96 - Updater plugin is busy. [3/15]
2022-08-25 19:12:29,202 [ERROR] ServerAccessManage:1090 - Problem, file not found on Server
2022-08-25 19:12:29,679 [ERROR] ServerAccessManage:1090 - Problem, file not found on Server
2022-08-25 19:12:30,124 [INFO] ServerAccessManage:474 - Download File RoweBots.I-CUBE-UNISONRTOS.pdsc
2022-08-25 19:12:30,927 [ERROR] ServerAccessManage:1090 - Problem, file not found on Server
2022-08-25 19:12:31,350 [ERROR] ServerAccessManage:1090 - Problem, file not found on Server
2022-08-25 19:12:31,824 [ERROR] ServerAccessManage:1090 - Problem, file not found on Server
2022-08-25 19:12:31,912 [WARN] MainUpdater:1184 - Updater busy. Cannot search thirdparties
2022-08-25 19:12:31,912 [INFO] ThirdPartyUpdaterWithRetryManager:96 - Updater plugin is busy. [4/15]
2022-08-25 19:12:32,269 [ERROR] ServerAccessManage:1090 - Problem, file not found on Server
2022-08-25 19:12:32,380 [INFO] ServerAccessManage:474 - Download File SEGGER.I-CUBE-embOS.pdsc
2022-08-25 19:12:32,662 [INFO] ServerAccessManage:474 - Download File portGmbH.I-Cube-SoM-uGOAL.pdsc
2022-08-25 19:12:32,940 [ERROR] ServerAccessManage:1090 - Problem, file not found on Server
2022-08-25 19:12:32,963 [ERROR] ServerAccessManage:1090 - Problem, file not found on Server
2022-08-25 19:12:32,987 [ERROR] ServerAccessManage:1090 - Problem, file not found on Server
2022-08-25 19:12:33,172 [INFO] ServerAccessManage:474 - Download File emotas.I-CUBE-CANOPEN.pdsc
2022-08-25 19:12:33,323 [WARN] CheckServerUpdateThread:148 - Open CheckUpdateFile Fail
2022-08-25 19:12:33,330 [WARN] PackLoader:242 - Cannot read IP mode file for STMicroelectronics.FP-ATR-ASTRA1.1.1.0
2022-08-25 19:12:33,338 [WARN] PackLoader:242 - Cannot read IP mode file for STMicroelectronics.X-CUBE-AI.7.2.0
2022-08-25 19:12:33,351 [WARN] PackLoader:242 - Cannot read IP mode file for STMicroelectronics.X-CUBE-ALS.1.0.1
2022-08-25 19:12:33,359 [WARN] PackLoader:242 - Cannot read IP mode file for STMicroelectronics.X-CUBE-BLE1.6.2.3
2022-08-25 19:12:33,364 [WARN] PackLoader:242 - Cannot read IP mode file for STMicroelectronics.X-CUBE-BLE2.3.3.0
2022-08-25 19:12:33,374 [WARN] PackLoader:242 - Cannot read IP mode file for STMicroelectronics.X-CUBE-BLEMGR.1.0.0
2022-08-25 19:12:33,387 [WARN] PackLoader:242 - Cannot read IP mode file for STMicroelectronics.X-CUBE-DISPLAY.2.2.0
2022-08-25 19:12:33,396 [WARN] PackLoader:242 - Cannot read IP mode file for STMicroelectronics.X-CUBE-EEPRMA1.3.1.1
2022-08-25 19:12:33,404 [WARN] PackLoader:242 - Cannot read IP mode file for STMicroelectronics.X-CUBE-GNSS1.6.0.0
2022-08-25 19:12:33,410 [WARN] PackLoader:242 - Cannot read IP mode file for STMicroelectronics.X-CUBE-ISPU.1.0.0
2022-08-25 19:12:33,453 [INFO] CheckServerUpdateThread:119 - End of CheckServer Thread
2022-08-25 19:12:33,482 [WARN] PackLoader:242 - Cannot read IP mode file for STMicroelectronics.X-CUBE-MEMS1.9.3.0
2022-08-25 19:12:33,523 [INFO] MainUpdater:2768 - connection check result : 10
2022-08-25 19:12:33,527 [INFO] McuFinderGlobals:57 - Set McuFinderConnectedMode to true
2022-08-25 19:12:33,673 [INFO] ServerAccessManage:474 - Download File mcusAds.json._tmp_
2022-08-25 19:12:33,691 [WARN] PackLoader:242 - Cannot read IP mode file for STMicroelectronics.X-CUBE-NFC4.2.0.4
2022-08-25 19:12:33,698 [WARN] PackLoader:242 - Cannot read IP mode file for STMicroelectronics.X-CUBE-NFC7.1.0.0
2022-08-25 19:12:33,708 [WARN] PackLoader:242 - Cannot read IP mode file for STMicroelectronics.X-CUBE-SFXS2LP1.4.0.0
2022-08-25 19:12:33,721 [WARN] PackLoader:242 - Cannot read IP mode file for STMicroelectronics.X-CUBE-SUBG2.5.0.0
2022-08-25 19:12:33,735 [WARN] PackLoader:242 - Cannot read IP mode file for STMicroelectronics.X-CUBE-TOF1.3.1.0
2022-08-25 19:12:33,743 [WARN] PackLoader:242 - Cannot read IP mode file for STMicroelectronics.X-CUBE-TOUCHGFX.4.20.0
2022-08-25 19:12:33,749 [WARN] PackLoader:242 - Cannot read IP mode file for STMicroelectronics.X-CUBE-ALGOBUILD.1.3.0
2022-08-25 19:12:33,769 [WARN] PackLoader:242 - Cannot read IP mode file for STMicroelectronics.X-CUBE-AZRTOS-H7.2.1.0
2022-08-25 19:12:33,800 [INFO] LoadUrlFilesThread:150 - End of LoadUrlFiles Thread
2022-08-25 19:12:33,800 [WARN] PackLoader:242 - Cannot read IP mode file for STMicroelectronics.X-CUBE-AZRTOS-F4.1.1.0
2022-08-25 19:12:33,827 [WARN] PackLoader:242 - Cannot read IP mode file for STMicroelectronics.X-CUBE-AZRTOS-F7.1.1.0
2022-08-25 19:12:33,846 [WARN] PackLoader:242 - Cannot read IP mode file for STMicroelectronics.X-CUBE-AZRTOS-L4.1.0.0
2022-08-25 19:12:33,869 [WARN] PackLoader:242 - Cannot read IP mode file for STMicroelectronics.X-CUBE-AZRTOS-L5.1.0.0
2022-08-25 19:12:33,886 [WARN] PackLoader:242 - Cannot read IP mode file for STMicroelectronics.X-CUBE-AZRTOS-G0.1.1.0
2022-08-25 19:12:33,902 [WARN] PackLoader:242 - Cannot read IP mode file for STMicroelectronics.X-CUBE-AZRTOS-G4.1.0.0
2022-08-25 19:12:33,914 [WARN] PackLoader:242 - Cannot read IP mode file for STMicroelectronics.X-CUBE-AZRTOS-WL.1.0.0
2022-08-25 19:12:33,919 [WARN] PackLoader:242 - Cannot read IP mode file for wolfSSL.I-CUBE-wolfSSL.5.4.0
2022-08-25 19:12:33,923 [INFO] ServerAccessManage:474 - Download File cube-finder-db.zip
2022-08-25 19:12:33,926 [WARN] PackLoader:242 - Cannot read IP mode file for RoweBots.I-CUBE-UNISONRTOS.5.5.0-4
2022-08-25 19:12:33,968 [WARN] PackLoader:242 - Cannot read IP mode file for SEGGER.I-CUBE-embOS.1.2.0
2022-08-25 19:12:34,021 [WARN] PackLoader:242 - Cannot read IP mode file for portGmbH.I-Cube-SoM-uGOAL.1.1.0
2022-08-25 19:12:34,032 [WARN] PackLoader:242 - Cannot read IP mode file for emotas.I-CUBE-CANOPEN.1.1.2
2022-08-25 19:12:34,033 [INFO] PopulateThirdPartyThread:64 - Ending populate Thread
2022-08-25 19:12:34,041 [INFO] ThirdParty:981 - CMSIS Pack Vendor :STMicroelectronics FP-ATR-ASTRA1 1.1.0
2022-08-25 19:12:34,041 [INFO] ThirdParty:981 - CMSIS Pack Vendor :RoweBots I-CUBE-UNISONRTOS 5.5.0-4
2022-08-25 19:12:34,042 [INFO] ThirdParty:981 - CMSIS Pack Vendor :STMicroelectronics X-CUBE-GNSS1 6.0.0
2022-08-25 19:12:34,042 [INFO] ThirdParty:981 - CMSIS Pack Vendor :STMicroelectronics X-CUBE-AZRTOS-H7 2.1.0
2022-08-25 19:12:34,042 [INFO] ThirdParty:981 - CMSIS Pack Vendor :STMicroelectronics X-CUBE-AZRTOS-F4 1.1.0
2022-08-25 19:12:34,042 [INFO] ThirdParty:981 - CMSIS Pack Vendor :STMicroelectronics X-CUBE-AZRTOS-G4 1.0.0
2022-08-25 19:12:34,042 [INFO] ThirdParty:981 - CMSIS Pack Vendor :wolfSSL I-CUBE-wolfSSL 5.4.0
2022-08-25 19:12:34,042 [INFO] ThirdParty:981 - CMSIS Pack Vendor :STMicroelectronics X-CUBE-AZRTOS-L4 1.0.0
2022-08-25 19:12:34,042 [INFO] ThirdParty:981 - CMSIS Pack Vendor :emotas I-CUBE-CANOPEN 1.1.2
2022-08-25 19:12:34,042 [INFO] ThirdParty:981 - CMSIS Pack Vendor :STMicroelectronics X-CUBE-TOUCHGFX 4.20.0
2022-08-25 19:12:34,042 [INFO] ThirdParty:981 - CMSIS Pack Vendor :STMicroelectronics X-CUBE-NFC7 1.0.0
2022-08-25 19:12:34,042 [INFO] ThirdParty:981 - CMSIS Pack Vendor :STMicroelectronics X-CUBE-BLEMGR 1.0.0
2022-08-25 19:12:34,042 [INFO] ThirdParty:981 - CMSIS Pack Vendor :STMicroelectronics X-CUBE-AZRTOS-WL 1.0.0
2022-08-25 19:12:34,042 [INFO] ThirdParty:981 - CMSIS Pack Vendor :STMicroelectronics X-CUBE-AZRTOS-F7 1.1.0
2022-08-25 19:12:34,043 [INFO] ThirdParty:981 - CMSIS Pack Vendor :STMicroelectronics X-CUBE-ALS 1.0.1
2022-08-25 19:12:34,043 [INFO] ThirdParty:981 - CMSIS Pack Vendor :STMicroelectronics X-CUBE-MEMS1 9.3.0
2022-08-25 19:12:34,043 [INFO] ThirdParty:981 - CMSIS Pack Vendor :portGmbH I-Cube-SoM-uGOAL 1.1.0
2022-08-25 19:12:34,043 [INFO] ThirdParty:981 - CMSIS Pack Vendor :STMicroelectronics X-CUBE-AI 7.2.0
2022-08-25 19:12:34,043 [INFO] ThirdParty:981 - CMSIS Pack Vendor :STMicroelectronics X-CUBE-BLE1 6.2.3
2022-08-25 19:12:34,043 [INFO] ThirdParty:981 - CMSIS Pack Vendor :STMicroelectronics X-CUBE-ALGOBUILD 1.3.0
2022-08-25 19:12:34,043 [INFO] ThirdParty:981 - CMSIS Pack Vendor :STMicroelectronics X-CUBE-AZRTOS-L5 1.0.0
2022-08-25 19:12:34,043 [INFO] ThirdParty:981 - CMSIS Pack Vendor :STMicroelectronics X-CUBE-AZRTOS-G0 1.1.0
2022-08-25 19:12:34,043 [INFO] ThirdParty:981 - CMSIS Pack Vendor :STMicroelectronics X-CUBE-SUBG2 5.0.0
2022-08-25 19:12:34,043 [INFO] ThirdParty:981 - CMSIS Pack Vendor :SEGGER I-CUBE-embOS 1.2.0
2022-08-25 19:12:34,043 [INFO] ThirdParty:981 - CMSIS Pack Vendor :STMicroelectronics X-CUBE-EEPRMA1 3.1.1
2022-08-25 19:12:34,043 [INFO] ThirdParty:981 - CMSIS Pack Vendor :STMicroelectronics X-CUBE-SFXS2LP1 4.0.0
2022-08-25 19:12:34,043 [INFO] ThirdParty:981 - CMSIS Pack Vendor :STMicroelectronics X-CUBE-BLE2 3.3.0
2022-08-25 19:12:34,043 [INFO] ThirdParty:981 - CMSIS Pack Vendor :STMicroelectronics X-CUBE-NFC4 2.0.4
2022-08-25 19:12:34,044 [INFO] ThirdParty:981 - CMSIS Pack Vendor :STMicroelectronics X-CUBE-DISPLAY 2.2.0
2022-08-25 19:12:34,044 [INFO] ThirdParty:981 - CMSIS Pack Vendor :STMicroelectronics X-CUBE-ISPU 1.0.0
2022-08-25 19:12:34,044 [INFO] ThirdParty:981 - CMSIS Pack Vendor :STMicroelectronics X-CUBE-TOF1 3.1.0
2022-08-25 19:12:34,045 [INFO] LoadServerUpdatesThread:367 - End of LoadServerUpdate Thread
2022-08-25 19:12:34,920 [WARN] MainUpdater:1184 - Updater busy. Cannot search thirdparties
2022-08-25 19:12:34,920 [INFO] ThirdPartyUpdaterWithRetryManager:96 - Updater plugin is busy. [5/15]
2022-08-25 19:12:37,936 [WARN] MainUpdater:1184 - Updater busy. Cannot search thirdparties
2022-08-25 19:12:37,936 [INFO] ThirdPartyUpdaterWithRetryManager:96 - Updater plugin is busy. [6/15]
2022-08-25 19:12:38,972 [INFO] FileExtend:239 - Unzip File : cube-finder-db.zip
2022-08-25 19:12:38,973 [INFO] FileExtend:254 - Standard Zip Deflate
2022-08-25 19:12:39,489 [INFO] LoadUrlFilesThread:150 - End of LoadUrlFiles Thread
2022-08-25 19:12:39,695 [INFO] ServerAccessManage:474 - Download File crdb.zip
2022-08-25 19:12:39,983 [INFO] FileExtend:239 - Unzip File : crdb.zip
2022-08-25 19:12:39,984 [INFO] FileExtend:254 - Standard Zip Deflate
2022-08-25 19:12:40,105 [INFO] LoadUrlFilesThread:150 - End of LoadUrlFiles Thread
2022-08-25 19:12:40,157 [INFO] ServerAccessManage:474 - Download File tutoVideoDB.zip
2022-08-25 19:12:40,183 [INFO] FileExtend:239 - Unzip File : tutoVideoDB.zip
2022-08-25 19:12:40,183 [INFO] FileExtend:254 - Standard Zip Deflate
2022-08-25 19:12:40,291 [INFO] LoadUrlFilesThread:150 - End of LoadUrlFiles Thread
2022-08-25 19:12:40,297 [INFO] JxBrowserEngine:106 - Initiate JxBrowser Engine with user profile folder
2022-08-25 19:12:40,446 [ERROR] JxBrowserEngine:59 - Can't initiate JxBrowser engine com.teamdev.jxbrowser.engine.ChromiumBinariesExtractionException: Failed to extract Chromium binaries into C:\Users\TUF G\.stm32cubemx\.jxbrowser\Chromium
2022-08-25 19:12:40,447 [WARN] DbFile:40 - Overriding database path with different value: C:\Users\TUF G\.stmcufinder\plugins\mcufinder/ => C:\Users\TUF G\.stmcufinder\plugins\mcufinder
2022-08-25 19:12:40,487 [INFO] ServerAccessManage:474 - Download File api_config.json
2022-08-25 19:12:40,601 [INFO] LoadUrlFilesThread:150 - End of LoadUrlFiles Thread
2022-08-25 19:12:40,601 [INFO] DbMcusAds:52 - JSON generation date=Thu Sep 30 08:55:09 CEST 2021 (1632984909377)
2022-08-25 19:12:40,699 [INFO] ServerAccessManage:474 - Download File 
2022-08-25 19:12:40,750 [INFO] LoadUrlFilesThread:177 - End of LoadServerUrlFiles without Thread
2022-08-25 19:12:40,751 [INFO] TargetSelectorAdapter:228 - Refresh data is successful
2022-08-25 19:12:40,822 [INFO] ApiDb:576 - Connected to CubeFinder SQLite database (C:\Users\TUF G\.stmcufinder\plugins\mcufinder\mcu\cube-finder-db.db)
2022-08-25 19:12:40,843 [INFO] ApiDb:663 - CubeFinder database Data Model version=2.1
2022-08-25 19:12:40,843 [INFO] ApiDb:664 - CubeFinder database Configuration version=3.0.32
2022-08-25 19:12:40,843 [INFO] ApiDb:665 - CubeFinder database generation date=2022-08-05 (1659688109)
2022-08-25 19:12:40,843 [INFO] ApiDb:666 - CubeFinder database FW Pack versions=[STM32Cube_FW_C0_V1.0.0, STM32Cube_FW_F4_V1.27.1, STM32Cube_FW_F7_V1.17.0, STM32Cube_FW_G0_V1.6.1, STM32Cube_FW_G4_V1.5.0, STM32Cube_FW_H7_V1.10.0, STM32Cube_FW_L5_V1.4.0, STM32Cube_FW_U5_V1.1.1, STM32Cube_FW_WB_V1.14.1, STM32Cube_FW_WL_V1.2.0, X-CUBE-ALGOBUILD_V1.3.0, X-CUBE-ALS_V1.0.1, X-CUBE-AZRTOS-F4_V1.1.0, X-CUBE-AZRTOS-F7_V1.1.0, X-CUBE-AZRTOS-G0_V1.1.0, X-CUBE-AZRTOS-G4_V1.0.0, X-CUBE-AZRTOS-H7_V2.1.0, X-CUBE-AZRTOS-L4_V1.0.0, X-CUBE-AZRTOS-L5_V1.0.0, X-CUBE-AZRTOS-WL_V1.0.0, X-CUBE-BLE1_V6.2.3, X-CUBE-BLE2_V3.3.0, X-CUBE-EEPRMA1_V3.1.1, X-CUBE-GNSS1_V6.0.0, X-CUBE-MEMS1_V9.1.0, X-CUBE-MEMS1_V9.3.0, X-CUBE-NFC4_V2.0.4, X-CUBE-NFC7_V1.0.0, X-CUBE-SFXS2LP1_V4.0.0, X-CUBE-SUBG2_V5.0.0]
2022-08-25 19:12:41,036 [WARN] PackLoader:242 - Cannot read IP mode file for STMicroelectronics.X-CUBE-GNSS1.6.0.0
2022-08-25 19:12:41,050 [WARN] PackLoader:242 - Cannot read IP mode file for STMicroelectronics.X-CUBE-AZRTOS-F4.1.1.0
2022-08-25 19:12:41,066 [WARN] PackLoader:242 - Cannot read IP mode file for STMicroelectronics.X-CUBE-AZRTOS-F7.1.1.0
2022-08-25 19:12:41,072 [WARN] PackLoader:242 - Cannot read IP mode file for STMicroelectronics.X-CUBE-BLE1.6.2.3
2022-08-25 19:12:41,083 [WARN] PackLoader:242 - Cannot read IP mode file for STMicroelectronics.X-CUBE-NFC4.2.0.4
2022-08-25 19:12:41,091 [WARN] PackLoader:242 - Cannot read IP mode file for STMicroelectronics.X-CUBE-TOF1.3.1.0
2022-08-25 19:12:41,097 [WARN] PackLoader:242 - Cannot read IP mode file for STMicroelectronics.X-CUBE-NFC7.1.0.0
2022-08-25 19:12:41,127 [WARN] PackLoader:242 - Cannot read IP mode file for STMicroelectronics.X-CUBE-MEMS1.9.3.0
2022-08-25 19:12:41,237 [WARN] PackLoader:242 - Cannot read IP mode file for STMicroelectronics.X-CUBE-AI.7.2.0
2022-08-25 19:12:41,241 [WARN] PackLoader:242 - Cannot read IP mode file for STMicroelectronics.X-CUBE-SFXS2LP1.4.0.0
2022-08-25 19:12:41,246 [WARN] PackLoader:242 - Cannot read IP mode file for STMicroelectronics.X-CUBE-BLE2.3.3.0
2022-08-25 19:12:41,251 [WARN] PackLoader:242 - Cannot read IP mode file for STMicroelectronics.X-CUBE-DISPLAY.2.2.0
2022-08-25 19:12:41,256 [WARN] PackLoader:242 - Cannot read IP mode file for STMicroelectronics.X-CUBE-ISPU.1.0.0
2022-08-25 19:12:41,262 [WARN] PackLoader:242 - Cannot read IP mode file for RoweBots.I-CUBE-UNISONRTOS.5.5.0-4
2022-08-25 19:12:41,275 [WARN] PackLoader:242 - Cannot read IP mode file for STMicroelectronics.X-CUBE-AZRTOS-H7.2.1.0
2022-08-25 19:12:41,280 [WARN] PackLoader:242 - Cannot read IP mode file for wolfSSL.I-CUBE-wolfSSL.5.4.0
2022-08-25 19:12:41,286 [WARN] PackLoader:242 - Cannot read IP mode file for STMicroelectronics.X-CUBE-BLEMGR.1.0.0
2022-08-25 19:12:41,302 [WARN] PackLoader:242 - Cannot read IP mode file for STMicroelectronics.X-CUBE-ALGOBUILD.1.3.0
2022-08-25 19:12:41,314 [WARN] PackLoader:242 - Cannot read IP mode file for STMicroelectronics.X-CUBE-AZRTOS-G0.1.1.0
2022-08-25 19:12:41,324 [WARN] PackLoader:242 - Cannot read IP mode file for STMicroelectronics.X-CUBE-SUBG2.5.0.0
2022-08-25 19:12:41,357 [WARN] PackLoader:242 - Cannot read IP mode file for SEGGER.I-CUBE-embOS.1.2.0
2022-08-25 19:12:41,382 [WARN] PackLoader:242 - Cannot read IP mode file for STMicroelectronics.FP-ATR-ASTRA1.1.1.0
2022-08-25 19:12:41,392 [WARN] PackLoader:242 - Cannot read IP mode file for STMicroelectronics.X-CUBE-AZRTOS-G4.1.0.0
2022-08-25 19:12:41,411 [WARN] PackLoader:242 - Cannot read IP mode file for STMicroelectronics.X-CUBE-AZRTOS-L4.1.0.0
2022-08-25 19:12:41,420 [WARN] PackLoader:242 - Cannot read IP mode file for emotas.I-CUBE-CANOPEN.1.1.2
2022-08-25 19:12:41,423 [WARN] PackLoader:242 - Cannot read IP mode file for STMicroelectronics.X-CUBE-TOUCHGFX.4.20.0
2022-08-25 19:12:41,431 [WARN] PackLoader:242 - Cannot read IP mode file for STMicroelectronics.X-CUBE-AZRTOS-WL.1.0.0
2022-08-25 19:12:41,436 [WARN] PackLoader:242 - Cannot read IP mode file for portGmbH.I-Cube-SoM-uGOAL.1.1.0
2022-08-25 19:12:41,440 [WARN] PackLoader:242 - Cannot read IP mode file for STMicroelectronics.X-CUBE-ALS.1.0.1
2022-08-25 19:12:41,452 [WARN] PackLoader:242 - Cannot read IP mode file for STMicroelectronics.X-CUBE-AZRTOS-L5.1.0.0
2022-08-25 19:12:41,457 [WARN] PackLoader:242 - Cannot read IP mode file for STMicroelectronics.X-CUBE-EEPRMA1.3.1.1
2022-08-25 19:12:41,459 [INFO] ThirdParty:929 - Integrity check success = true
2022-08-25 19:12:41,459 [INFO] IntegrityCheckThread:98 - exiting critical section [integrity check]
2022-08-25 19:12:41,459 [INFO] IntegrityCheckThread:101 - End integrity checks thread
2022-08-25 19:12:42,664 [INFO] ApiDb:239 - Found 138 in-development CPN: [B-WB1M-WPAN1, NUCLEO-C031C6, STEVAL-STWINBX1, STM320518-EVAL, STM32C0116-DK, STM32C011D6Y3TR, STM32C011D6Y6TR, STM32C011F4P3, STM32C011F4P6, STM32C011F4U3, STM32C011F4U6TR, STM32C011F6P3, STM32C011F6P6, STM32C011F6U3, STM32C011F6U6TR, STM32C011J4M3, STM32C011J4M6, STM32C011J6M3, STM32C011J6M6, STM32C0316-DK, STM32C031C4T3, STM32C031C4T6, STM32C031C4U3, STM32C031C4U6, STM32C031C6T3, STM32C031C6T6, STM32C031C6U3, STM32C031C6U6, STM32C031F4P3, STM32C031F4P6, STM32C031F6P3, STM32C031F6P6, STM32C031G4U3, STM32C031G4U6, STM32C031G6U3, STM32C031G6U6, STM32C031K4T3, STM32C031K4T6, STM32C031K4U3, STM32C031K4U6, STM32C031K6T3, STM32C031K6T6, STM32C031K6U3, STM32C031K6U6, STM32G071K8TXN, STM32G071K8UXN, STM32G081GBU6N, STM32G081KBT6N, STM32G081KBUXN, STM32G0B1CCT6N, STM32G0B1KCT6, STM32G0B1NEY6TR, STM32G0B1RCT6N, STM32G0C1CCT6, STM32G0C1CCT6N, STM32G0C1CCU6N, STM32G0C1CET6N, STM32G0C1CEU6N, STM32G0C1KCT6, STM32G0C1NEY6TR, STM32G0C1RCI6N, STM32G0C1RCT6N, STM32G0C1REI6N, STM32G0C1RET6N, STM32G0C1VCI6, STM32G0C1VEI6, STM32G471CCT6, STM32G471CCU6, STM32G471CET3, STM32G471CET6, STM32G471CEU3, STM32G471CEU6, STM32G471MCT6, STM32G471MET3, STM32G471MET6, STM32G471MEY6TR, STM32G471QCT6, STM32G471QET3, STM32G471RCT6, STM32G471RET3, STM32G471RET6, STM32G471VCH6, STM32G471VCI6, STM32G471VCT6, STM32G471VEH3, STM32G471VEH6, STM32G471VEI3, STM32G471VEI6, STM32G471VET3, STM32G471VET6, STM32G474CCT6, STM32L476VGY6PTR, STM32L4R5QGI6STR, STM32MP131AAE3, STM32MP131AAF3, STM32MP131AAG3, STM32MP131CAE3, STM32MP131CAF3, STM32MP131CAG3, STM32MP131DAE7, STM32MP131DAF7, STM32MP131DAG7, STM32MP131FAE7, STM32MP131FAF7, STM32MP131FAG7, STM32MP133AAE3, STM32MP133AAF3, STM32MP133AAG3, STM32MP133CAE3, STM32MP133CAF3, STM32MP133CAG3, STM32MP133DAE7, STM32MP133DAF7, STM32MP133DAG7, STM32MP133FAE7, STM32MP133FAF7, STM32MP133FAG7, STM32MP135AAE3, STM32MP135AAF3, STM32MP135AAG3, STM32MP135CAE3, STM32MP135CAF3, STM32MP135CAG3, STM32MP135DAE7, STM32MP135DAF7, STM32MP135DAG7, STM32MP135F-DK, STM32MP135FAE7, STM32MP135FAF7, STM32MP135FAG7, STM32U595ZJT6Q, STM32U599BJY6QTR, STM32U599NIH6Q, STM32U599NJH6Q, STM32U5A5ZJT6Q, STM32U5A9BJY6QTR, STM32U5A9NJH6Q, STM32WB1MMCH6]
2022-08-25 19:12:42,667 [INFO] DbMcus:215 - Found 3542 MCUs, 3542 are supported
2022-08-25 19:12:42,667 [INFO] ApiDb:409 - User favorites file not found: C:\Users\TUF G/.stm32cubeide/favorites.mcus.txt
2022-08-25 19:12:42,668 [INFO] DbMcus:221 - Set 0 / 0 favorites MCUs
2022-08-25 19:12:42,670 [INFO] ApiDb:663 - CubeFinder database Data Model version=2.1
2022-08-25 19:12:42,670 [INFO] ApiDb:664 - CubeFinder database Configuration version=3.0.32
2022-08-25 19:12:42,670 [INFO] ApiDb:665 - CubeFinder database generation date=2022-08-05 (1659688109)
2022-08-25 19:12:42,670 [INFO] ApiDb:666 - CubeFinder database FW Pack versions=[STM32Cube_FW_C0_V1.0.0, STM32Cube_FW_F4_V1.27.1, STM32Cube_FW_F7_V1.17.0, STM32Cube_FW_G0_V1.6.1, STM32Cube_FW_G4_V1.5.0, STM32Cube_FW_H7_V1.10.0, STM32Cube_FW_L5_V1.4.0, STM32Cube_FW_U5_V1.1.1, STM32Cube_FW_WB_V1.14.1, STM32Cube_FW_WL_V1.2.0, X-CUBE-ALGOBUILD_V1.3.0, X-CUBE-ALS_V1.0.1, X-CUBE-AZRTOS-F4_V1.1.0, X-CUBE-AZRTOS-F7_V1.1.0, X-CUBE-AZRTOS-G0_V1.1.0, X-CUBE-AZRTOS-G4_V1.0.0, X-CUBE-AZRTOS-H7_V2.1.0, X-CUBE-AZRTOS-L4_V1.0.0, X-CUBE-AZRTOS-L5_V1.0.0, X-CUBE-AZRTOS-WL_V1.0.0, X-CUBE-BLE1_V6.2.3, X-CUBE-BLE2_V3.3.0, X-CUBE-EEPRMA1_V3.1.1, X-CUBE-GNSS1_V6.0.0, X-CUBE-MEMS1_V9.1.0, X-CUBE-MEMS1_V9.3.0, X-CUBE-NFC4_V2.0.4, X-CUBE-NFC7_V1.0.0, X-CUBE-SFXS2LP1_V4.0.0, X-CUBE-SUBG2_V5.0.0]
2022-08-25 19:12:42,715 [INFO] DbBoardsSqlite:227 - include board P-NUCLEO-WB55-NUCLEO as a kit item of type 'Nucleo-64'
2022-08-25 19:12:42,715 [INFO] DbBoardsSqlite:227 - include board P-NUCLEO-WB55-USBDONGLE as a kit item of type 'Nucleo USB Dongle'
2022-08-25 19:12:42,715 [INFO] DbBoardsSqlite:227 - include board STEVAL-IDP005V1 as a kit item of type 'Evaluation Board'
2022-08-25 19:12:42,715 [INFO] DbBoardsSqlite:227 - include board STEVAL-IDP005V2 as a kit item of type 'Evaluation Board'
2022-08-25 19:12:42,722 [INFO] ApiDb:239 - Found 138 in-development CPN: [B-WB1M-WPAN1, NUCLEO-C031C6, STEVAL-STWINBX1, STM320518-EVAL, STM32C0116-DK, STM32C011D6Y3TR, STM32C011D6Y6TR, STM32C011F4P3, STM32C011F4P6, STM32C011F4U3, STM32C011F4U6TR, STM32C011F6P3, STM32C011F6P6, STM32C011F6U3, STM32C011F6U6TR, STM32C011J4M3, STM32C011J4M6, STM32C011J6M3, STM32C011J6M6, STM32C0316-DK, STM32C031C4T3, STM32C031C4T6, STM32C031C4U3, STM32C031C4U6, STM32C031C6T3, STM32C031C6T6, STM32C031C6U3, STM32C031C6U6, STM32C031F4P3, STM32C031F4P6, STM32C031F6P3, STM32C031F6P6, STM32C031G4U3, STM32C031G4U6, STM32C031G6U3, STM32C031G6U6, STM32C031K4T3, STM32C031K4T6, STM32C031K4U3, STM32C031K4U6, STM32C031K6T3, STM32C031K6T6, STM32C031K6U3, STM32C031K6U6, STM32G071K8TXN, STM32G071K8UXN, STM32G081GBU6N, STM32G081KBT6N, STM32G081KBUXN, STM32G0B1CCT6N, STM32G0B1KCT6, STM32G0B1NEY6TR, STM32G0B1RCT6N, STM32G0C1CCT6, STM32G0C1CCT6N, STM32G0C1CCU6N, STM32G0C1CET6N, STM32G0C1CEU6N, STM32G0C1KCT6, STM32G0C1NEY6TR, STM32G0C1RCI6N, STM32G0C1RCT6N, STM32G0C1REI6N, STM32G0C1RET6N, STM32G0C1VCI6, STM32G0C1VEI6, STM32G471CCT6, STM32G471CCU6, STM32G471CET3, STM32G471CET6, STM32G471CEU3, STM32G471CEU6, STM32G471MCT6, STM32G471MET3, STM32G471MET6, STM32G471MEY6TR, STM32G471QCT6, STM32G471QET3, STM32G471RCT6, STM32G471RET3, STM32G471RET6, STM32G471VCH6, STM32G471VCI6, STM32G471VCT6, STM32G471VEH3, STM32G471VEH6, STM32G471VEI3, STM32G471VEI6, STM32G471VET3, STM32G471VET6, STM32G474CCT6, STM32L476VGY6PTR, STM32L4R5QGI6STR, STM32MP131AAE3, STM32MP131AAF3, STM32MP131AAG3, STM32MP131CAE3, STM32MP131CAF3, STM32MP131CAG3, STM32MP131DAE7, STM32MP131DAF7, STM32MP131DAG7, STM32MP131FAE7, STM32MP131FAF7, STM32MP131FAG7, STM32MP133AAE3, STM32MP133AAF3, STM32MP133AAG3, STM32MP133CAE3, STM32MP133CAF3, STM32MP133CAG3, STM32MP133DAE7, STM32MP133DAF7, STM32MP133DAG7, STM32MP133FAE7, STM32MP133FAF7, STM32MP133FAG7, STM32MP135AAE3, STM32MP135AAF3, STM32MP135AAG3, STM32MP135CAE3, STM32MP135CAF3, STM32MP135CAG3, STM32MP135DAE7, STM32MP135DAF7, STM32MP135DAG7, STM32MP135F-DK, STM32MP135FAE7, STM32MP135FAF7, STM32MP135FAG7, STM32U595ZJT6Q, STM32U599BJY6QTR, STM32U599NIH6Q, STM32U599NJH6Q, STM32U5A5ZJT6Q, STM32U5A9BJY6QTR, STM32U5A9NJH6Q, STM32WB1MMCH6]
2022-08-25 19:12:42,823 [INFO] BoardInfo:879 - No configuration file found for board P-NUCLEO-WB55
2022-08-25 19:12:42,823 [INFO] DbBoards:156 - Kit is not supported: P-NUCLEO-WB55
2022-08-25 19:12:42,827 [INFO] BoardInfo:879 - No configuration file found for board STEVAL-BFA001V1B
2022-08-25 19:12:42,827 [INFO] DbBoards:156 - Kit is not supported: STEVAL-BFA001V1B
2022-08-25 19:12:42,828 [INFO] BoardInfo:879 - No configuration file found for board STEVAL-BFA001V2B
2022-08-25 19:12:42,828 [INFO] DbBoards:156 - Kit is not supported: STEVAL-BFA001V2B
2022-08-25 19:12:42,920 [INFO] DbBoards:160 - Found 176 boards, 173 are supported
2022-08-25 19:12:42,925 [INFO] ApiDb:409 - User favorites file not found: C:\Users\TUF G/.stm32cubeide/favorites.boards.txt
2022-08-25 19:12:42,925 [INFO] DbBoards:189 - Set 0 / 0 favorites Boards
2022-08-25 19:12:42,927 [INFO] ApiDb:663 - CubeFinder database Data Model version=2.1
2022-08-25 19:12:42,927 [INFO] ApiDb:664 - CubeFinder database Configuration version=3.0.32
2022-08-25 19:12:42,927 [INFO] ApiDb:665 - CubeFinder database generation date=2022-08-05 (1659688109)
2022-08-25 19:12:42,927 [INFO] ApiDb:666 - CubeFinder database FW Pack versions=[STM32Cube_FW_C0_V1.0.0, STM32Cube_FW_F4_V1.27.1, STM32Cube_FW_F7_V1.17.0, STM32Cube_FW_G0_V1.6.1, STM32Cube_FW_G4_V1.5.0, STM32Cube_FW_H7_V1.10.0, STM32Cube_FW_L5_V1.4.0, STM32Cube_FW_U5_V1.1.1, STM32Cube_FW_WB_V1.14.1, STM32Cube_FW_WL_V1.2.0, X-CUBE-ALGOBUILD_V1.3.0, X-CUBE-ALS_V1.0.1, X-CUBE-AZRTOS-F4_V1.1.0, X-CUBE-AZRTOS-F7_V1.1.0, X-CUBE-AZRTOS-G0_V1.1.0, X-CUBE-AZRTOS-G4_V1.0.0, X-CUBE-AZRTOS-H7_V2.1.0, X-CUBE-AZRTOS-L4_V1.0.0, X-CUBE-AZRTOS-L5_V1.0.0, X-CUBE-AZRTOS-WL_V1.0.0, X-CUBE-BLE1_V6.2.3, X-CUBE-BLE2_V3.3.0, X-CUBE-EEPRMA1_V3.1.1, X-CUBE-GNSS1_V6.0.0, X-CUBE-MEMS1_V9.1.0, X-CUBE-MEMS1_V9.3.0, X-CUBE-NFC4_V2.0.4, X-CUBE-NFC7_V1.0.0, X-CUBE-SFXS2LP1_V4.0.0, X-CUBE-SUBG2_V5.0.0]
2022-08-25 19:12:43,515 [INFO] DbExamplesSqlite:374 - Ignored 31 examples not supported by CubeIDE
2022-08-25 19:12:43,515 [INFO] DbExamplesSqlite:375 - Found 6197 examples active
2022-08-25 19:12:43,515 [INFO] DbExamplesSqlite:376 - Found 89 examples obsolete
2022-08-25 19:12:43,516 [INFO] DbExamplesSqlite:377 - Found 0 examples under development
2022-08-25 19:12:43,516 [INFO] DbExamplesSqlite:378 - Found 76 examples not building
2022-08-25 19:12:43,517 [INFO] DbExamples:124 - Found 6242 examples
2022-08-25 19:12:43,527 [INFO] DbExamples:221 - Found 77 boards with related examples
2022-08-25 19:12:43,528 [INFO] DbExamples:234 - Found 64 MCUs with related examples
2022-08-25 19:12:43,544 [INFO] ApiDb:409 - User favorites file not found: C:\Users\TUF G/.stm32cubeide/favorites.examples.txt
2022-08-25 19:12:43,544 [INFO] DbExamples:249 - Set 0 / 0 favorites Examples
2022-08-25 19:12:43,668 [INFO] McuFinderGlobals:57 - Set McuFinderConnectedMode to true
2022-08-25 19:12:43,674 [INFO] MultiScanPanel:195 - Auto-refresh data requested => check proxy status ongoing
2022-08-25 19:12:43,677 [INFO] FinderPluginLoader:92 - Searching for filters in installed packs
2022-08-25 19:12:44,754 [INFO] LoadUrlFilesThread:177 - End of LoadServerUrlFiles without Thread
2022-08-25 19:12:44,766 [INFO] DetailPanel:339 - Set advertising image to C:/Users/TUF G/STM32Cube/Repository/\en.Prom_NBSTM32U50921.jpg
2022-08-25 19:13:00,433 [INFO] MultiScanPanel:195 - Auto-refresh data requested => check proxy status ongoing
2022-08-25 19:13:00,517 [INFO] LoadUrlFilesThread:177 - End of LoadServerUrlFiles without Thread
2022-08-25 19:13:00,517 [INFO] DetailPanel:339 - Set advertising image to C:/Users/TUF G/STM32Cube/Repository/\en.Prom_NBSTM32U50921.jpg
2022-08-25 19:13:00,525 [INFO] DbBoards:628 - Loading board mini-images...
2022-08-25 19:13:00,602 [ERROR] DbBoards:648 - No image file defined for board B-WB1M-WPAN1
2022-08-25 19:13:00,602 [ERROR] DbBoards:648 - No image file defined for board NUCLEO-C031C6
2022-08-25 19:13:01,330 [ERROR] DbBoards:648 - No image file defined for board STEVAL-STWINBX1
2022-08-25 19:13:01,362 [ERROR] DbBoards:648 - No image file defined for board STM32091C-EVAL
2022-08-25 19:13:01,362 [ERROR] DbBoards:648 - No image file defined for board STM32100E-EVAL
2022-08-25 19:13:01,362 [ERROR] DbBoards:648 - No image file defined for board STM3210C-EVAL
2022-08-25 19:13:01,373 [ERROR] DbBoards:648 - No image file defined for board STM3221G-EVAL
2022-08-25 19:13:01,373 [ERROR] DbBoards:648 - No image file defined for board STM32303C-EVAL
2022-08-25 19:13:01,426 [ERROR] DbBoards:648 - No image file defined for board STM32479I-EVAL
2022-08-25 19:13:01,427 [ERROR] DbBoards:648 - No image file defined for board STM32746G-EVAL2
2022-08-25 19:13:01,431 [ERROR] DbBoards:648 - No image file defined for board STM32C0116-DK
2022-08-25 19:13:01,431 [ERROR] DbBoards:648 - No image file defined for board STM32C0316-DK
2022-08-25 19:13:01,452 [ERROR] DbBoards:648 - No image file defined for board STM32F401C-DISCO
2022-08-25 19:13:01,489 [ERROR] DbBoards:648 - No image file defined for board STM32F7308-DK
2022-08-25 19:13:01,514 [ERROR] DbBoards:648 - No image file defined for board STM32F779I-EVAL
2022-08-25 19:13:01,616 [ERROR] DbBoards:648 - No image file defined for board STM32H747I-EVAL
2022-08-25 19:13:01,641 [ERROR] DbBoards:648 - No image file defined for board STM32L-DISCOVERY
2022-08-25 19:13:01,663 [ERROR] DbBoards:648 - No image file defined for board STM32L152D-EVAL
2022-08-25 19:13:01,767 [ERROR] DbBoards:648 - No image file defined for board STM32MP135F-DK
2022-08-25 19:13:01,890 [INFO] DbBoards:651 - Loaded 157 board mini-images
2022-08-25 19:14:09,576 [INFO] MetaSearchPanel:248 - search for filter with key=STM32F4
2022-08-25 19:14:09,576 [INFO] MetaSearchPanel:349 - search for filter component McuSeries
2022-08-25 19:14:09,577 [INFO] MetaSearchPanel:323 - Collapse all filters sections
2022-08-25 19:14:33,455 [INFO] MetaSearchPanel:248 - search for filter with key=STM32F4
2022-08-25 19:14:33,455 [INFO] MetaSearchPanel:349 - search for filter component McuSeries
2022-08-25 19:14:33,455 [INFO] MetaSearchPanel:323 - Collapse all filters sections
2022-08-25 19:14:41,128 [INFO] MetaSearchPanel:248 - search for filter with key=STM32F4
2022-08-25 19:14:41,129 [INFO] MetaSearchPanel:349 - search for filter component McuSeries
2022-08-25 19:14:41,129 [INFO] MetaSearchPanel:323 - Collapse all filters sections
2022-08-25 19:15:38,764 [INFO] ServerAccessManage:474 - Download File DB1421.pdf
2022-08-25 19:15:39,548 [INFO] LoadUrlFilesThread:150 - End of LoadUrlFiles Thread
2022-08-25 19:15:39,771 [INFO] BoardAction:139 - Datasheet
2022-08-25 19:16:07,244 [INFO] BoardAction:75 - Docs & Resources
2022-08-25 19:16:42,622 [INFO] ServerAccessManage:474 - Download File UM1467.pdf
2022-08-25 19:16:43,059 [INFO] LoadUrlFilesThread:150 - End of LoadUrlFiles Thread
2022-08-25 19:16:49,067 [INFO] ServerAccessManage:474 - Download File UM1472.pdf
2022-08-25 19:16:50,193 [INFO] LoadUrlFilesThread:150 - End of LoadUrlFiles Thread
2022-08-25 19:16:52,585 [INFO] ServerAccessManage:474 - Download File UM2052.pdf
2022-08-25 19:16:53,193 [INFO] LoadUrlFilesThread:150 - End of LoadUrlFiles Thread
2022-08-25 19:17:08,357 [INFO] BoardAction:139 - Datasheet
2022-08-25 19:17:51,723 [INFO] McuFinderGlobals:57 - Set McuFinderConnectedMode to true
2022-08-25 19:17:51,725 [INFO] ApiDb:443 - Save user favorites file C:\Users\TUF G/.stm32cubeide/favorites.mcus.txt: 0 item(s)
2022-08-25 19:17:51,725 [INFO] ApiDb:447 - User favorites MCUs=[]
2022-08-25 19:17:51,726 [INFO] ApiDb:443 - Save user favorites file C:\Users\TUF G/.stm32cubeide/favorites.boards.txt: 0 item(s)
2022-08-25 19:17:51,726 [INFO] ApiDb:447 - User favorites Boards=[]
2022-08-25 19:47:44,358 [ERROR] LogOutputStream:74 - [STDERR_REDIRECT] 
